d:\usc\terceiro\cuatrimestre_2\corba\teleger\servercode\corbaserver\corbaserver\x64\debug\corbaserver.pch
d:\usc\terceiro\cuatrimestre_2\corba\teleger\servercode\corbaserver\corbaserver\x64\debug\vc140.pdb
d:\usc\terceiro\cuatrimestre_2\corba\teleger\servercode\corbaserver\corbaserver\x64\debug\vc140.idb
d:\usc\terceiro\cuatrimestre_2\corba\teleger\servercode\corbaserver\corbaserver\x64\debug\stdafx.obj
d:\usc\terceiro\cuatrimestre_2\corba\teleger\servercode\corbaserver\corbaserver\x64\debug\telegersk.obj
d:\usc\terceiro\cuatrimestre_2\corba\teleger\servercode\corbaserver\corbaserver\x64\debug\corbaserver.obj
d:\usc\terceiro\cuatrimestre_2\corba\teleger\servercode\corbaserver\corbaserver\x64\debug\sqlconnector.obj
d:\usc\terceiro\cuatrimestre_2\corba\teleger\servercode\corbaserver\corbaserver\x64\debug\telegerimpl.obj
d:\usc\terceiro\cuatrimestre_2\corba\teleger\servercode\corbaserver\corbaserver\x64\debug\sqlite3.obj
d:\usc\terceiro\cuatrimestre_2\corba\teleger\servercode\corbaserver\x64\debug\corbaserver.ilk
d:\usc\terceiro\cuatrimestre_2\corba\teleger\servercode\corbaserver\x64\debug\corbaserver.exe
d:\usc\terceiro\cuatrimestre_2\corba\teleger\servercode\corbaserver\x64\debug\corbaserver.pdb
d:\usc\terceiro\cuatrimestre_2\corba\teleger\servercode\corbaserver\corbaserver\x64\debug\corbaserver.res
d:\usc\terceiro\cuatrimestre_2\corba\teleger\servercode\corbaserver\corbaserver\x64\debug\corbaserver.tlog\cl.command.1.tlog
d:\usc\terceiro\cuatrimestre_2\corba\teleger\servercode\corbaserver\corbaserver\x64\debug\corbaserver.tlog\cl.read.1.tlog
d:\usc\terceiro\cuatrimestre_2\corba\teleger\servercode\corbaserver\corbaserver\x64\debug\corbaserver.tlog\cl.write.1.tlog
d:\usc\terceiro\cuatrimestre_2\corba\teleger\servercode\corbaserver\corbaserver\x64\debug\corbaserver.tlog\link.command.1.tlog
d:\usc\terceiro\cuatrimestre_2\corba\teleger\servercode\corbaserver\corbaserver\x64\debug\corbaserver.tlog\link.read.1.tlog
d:\usc\terceiro\cuatrimestre_2\corba\teleger\servercode\corbaserver\corbaserver\x64\debug\corbaserver.tlog\link.write.1.tlog
d:\usc\terceiro\cuatrimestre_2\corba\teleger\servercode\corbaserver\corbaserver\x64\debug\corbaserver.tlog\rc.command.1.tlog
d:\usc\terceiro\cuatrimestre_2\corba\teleger\servercode\corbaserver\corbaserver\x64\debug\corbaserver.tlog\rc.read.1.tlog
d:\usc\terceiro\cuatrimestre_2\corba\teleger\servercode\corbaserver\corbaserver\x64\debug\corbaserver.tlog\rc.write.1.tlog
